<?xml version="1.0" encoding="UTF-8"?>
<!-- Generated by org.testng.reporters.JUnitReportReporter -->
<testsuite hostname="Alex" failures="0" tests="2" name="com.api.sample.GetRequest" time="3.266" errors="0" timestamp="2024-11-21T23:32:07 IST" skipped="0">
  <testcase classname="com.api.sample.GetRequest" name="getRequest" time="2.323"/>
  <system-out/>
  <testcase classname="com.api.sample.GetRequest" name="postRequest" time="0.943"/>
  <system-out/>
</testsuite> <!-- com.api.sample.GetRequest -->
